{
  "0 debug pnpm:scope": {
    "selected": 1
  },
  "1 info pnpm": {
    "err": {
      "name": "Error",
      "message": "not found: vitest",
      "code": "ENOENT",
      "stack": "Error: not found: vitest\n    at getNotFoundError (/Users/yamin/.nvm/versions/node/v16.13.2/lib/node_modules/pnpm/dist/pnpm.cjs:41585:51)\n    at Function.whichSync [as sync] (/Users/yamin/.nvm/versions/node/v16.13.2/lib/node_modules/pnpm/dist/pnpm.cjs:41662:13)\n    at getCommandAbsolutePathSync (/Users/yamin/.nvm/versions/node/v16.13.2/lib/node_modules/pnpm/dist/pnpm.cjs:43227:44)\n    at default_1 (/Users/yamin/.nvm/versions/node/v16.13.2/lib/node_modules/pnpm/dist/pnpm.cjs:43236:32)\n    at /Users/yamin/.nvm/versions/node/v16.13.2/lib/node_modules/pnpm/dist/pnpm.cjs:178180:39"
    }
  },
  "2 error pnpm": {
    "code": "ERR_PNPM_RECURSIVE_EXEC_FIRST_FAIL",
    "prefix": "/Users/yamin",
    "err": {
      "name": "pnpm",
      "message": "not found: vitest",
      "code": "ERR_PNPM_RECURSIVE_EXEC_FIRST_FAIL",
      "stack": "Error: not found: vitest\n    at getNotFoundError (/Users/yamin/.nvm/versions/node/v16.13.2/lib/node_modules/pnpm/dist/pnpm.cjs:41585:51)\n    at Function.whichSync [as sync] (/Users/yamin/.nvm/versions/node/v16.13.2/lib/node_modules/pnpm/dist/pnpm.cjs:41662:13)\n    at getCommandAbsolutePathSync (/Users/yamin/.nvm/versions/node/v16.13.2/lib/node_modules/pnpm/dist/pnpm.cjs:43227:44)\n    at default_1 (/Users/yamin/.nvm/versions/node/v16.13.2/lib/node_modules/pnpm/dist/pnpm.cjs:43236:32)\n    at /Users/yamin/.nvm/versions/node/v16.13.2/lib/node_modules/pnpm/dist/pnpm.cjs:178180:39"
    }
  }
}